<?xml version='1.0' encoding='UTF-8'?>
<result plugin="junit@1.11">
  <suites>
    <suite>
      <file>/var/lib/jenkins/jobs/stockmanager/workspace/stockmanager/target/surefire-reports/TEST-uk.co.taidev.springshopping.ShopfrontApplicationTests.xml</file>
      <name>uk.co.taidev.springshopping.ShopfrontApplicationTests</name>
      <duration>0.009</duration>
      <cases>
        <case>
          <duration>0.009</duration>
          <className>uk.co.taidev.springshopping.ShopfrontApplicationTests</className>
          <testName>contextLoads</testName>
          <skipped>false</skipped>
          <failedSince>0</failedSince>
        </case>
      </cases>
    </suite>
  </suites>
  <duration>0.009</duration>
  <keepLongStdio>false</keepLongStdio>
</result>